{"/Users/agneses/Development/esenge/my-spotify/src/helpers/arrayToCommaSeparatedString/arrayToCommaSeparatedString.ts": {"path":"/Users/agneses/Development/esenge/my-spotify/src/helpers/arrayToCommaSeparatedString/arrayToCommaSeparatedString.ts","statementMap":{"0":{"start":{"line":1,"column":36},"end":{"line":3,"column":1}},"1":{"start":{"line":2,"column":4},"end":{"line":2,"column":33}},"2":{"start":{"line":5,"column":0},"end":{"line":5,"column":43}}},"fnMap":{"0":{"name":"(anonymous_0)","decl":{"start":{"line":1,"column":36},"end":{"line":1,"column":37}},"loc":{"start":{"line":1,"column":88},"end":{"line":3,"column":1}}}},"branchMap":{},"s":{"0":1,"1":5,"2":1},"f":{"0":5},"b":{}}
}
